\BOOKMARK [0][-]{chapter.1}{\376\377\174\373\176\337\151\202\217\360}{}% 1
\BOOKMARK [1][-]{section.1.1}{\376\377\174\373\176\337\116\073\211\201\166\356\150\007}{chapter.1}% 2
\BOOKMARK [1][-]{section.1.2}{\376\377\213\276\213\241\176\246\147\137}{chapter.1}% 3
\BOOKMARK [1][-]{section.1.3}{\376\377\137\000\123\321\060\001\155\113\213\325\116\016\217\320\210\114\163\257\130\203}{chapter.1}% 4
\BOOKMARK [0][-]{chapter.2}{\376\377\217\157\116\366\174\373\176\337\176\323\147\204\213\276\213\241}{}% 5
\BOOKMARK [1][-]{section.2.1}{\376\377\174\373\176\337\213\276\213\241\126\376}{chapter.2}% 6
\BOOKMARK [1][-]{section.2.2}{\376\377\124\004\133\120\174\373\176\337\122\237\200\375\116\313\176\315}{chapter.2}% 7
\BOOKMARK [2][-]{subsection.2.2.1}{\376\377\145\160\143\156\145\066\226\306\133\120\174\373\176\337}{section.2.2}% 8
\BOOKMARK [2][-]{subsection.2.2.2}{\376\377\217\223\121\145\145\160\143\156\131\004\164\006\133\120\174\373\176\337}{section.2.2}% 9
\BOOKMARK [2][-]{subsection.2.2.3}{\376\377\165\050\142\067\210\114\116\072\122\006\147\220\133\120\174\373\176\337}{section.2.2}% 10
\BOOKMARK [2][-]{subsection.2.2.4}{\376\377\121\163\225\056\213\315\117\030\123\026\133\120\174\373\176\337}{section.2.2}% 11
\BOOKMARK [2][-]{subsection.2.2.5}{\376\377\144\034\175\042\137\025\144\316\117\030\123\026\133\120\174\373\176\337}{section.2.2}% 12
\BOOKMARK [0][-]{chapter.3}{\376\377\122\237\200\375\152\041\127\127\213\276\213\241}{}% 13
\BOOKMARK [1][-]{section.3.1}{\376\377\152\041\127\127\213\364\146\016}{chapter.3}% 14
\BOOKMARK [2][-]{subsection.3.1.1}{\376\377\145\160\143\156\145\066\226\306\133\120\174\373\176\337\151\202\211\201\213\276\213\241}{section.3.1}% 15
\BOOKMARK [2][-]{subsection.3.1.2}{\376\377\217\223\121\145\145\160\143\156\131\004\164\006\133\120\174\373\176\337\151\202\211\201\213\276\213\241}{section.3.1}% 16
\BOOKMARK [2][-]{subsection.3.1.3}{\376\377\165\050\142\067\210\114\116\072\122\006\147\220\133\120\174\373\176\337\151\202\211\201\213\276\213\241}{section.3.1}% 17
\BOOKMARK [2][-]{subsection.3.1.4}{\376\377\121\163\225\056\213\315\117\030\123\026\133\120\174\373\176\337\151\202\211\201\213\276\213\241}{section.3.1}% 18
\BOOKMARK [2][-]{subsection.3.1.5}{\376\377\144\034\175\042\137\025\144\316\117\030\123\026\133\120\174\373\176\337\151\202\211\201\213\276\213\241}{section.3.1}% 19
\BOOKMARK [1][-]{section.3.2}{\376\377\152\041\127\127\116\113\225\364\166\204\121\163\174\373}{chapter.3}% 20
\BOOKMARK [2][-]{subsection.3.2.1}{\376\377\145\160\143\156\145\066\226\306\152\041\127\127\116\016\217\223\121\145\145\160\143\156\131\004\164\006\152\041\127\127}{section.3.2}% 21
\BOOKMARK [2][-]{subsection.3.2.2}{\376\377\145\160\143\156\145\066\226\306\152\041\127\127\116\016\165\050\142\067\210\114\116\072\122\006\147\220\152\041\127\127}{section.3.2}% 22
\BOOKMARK [2][-]{subsection.3.2.3}{\376\377\217\223\121\145\145\160\143\156\131\004\164\006\152\041\127\127\116\016\165\050\142\067\210\114\116\072\122\006\147\220\152\041\127\127}{section.3.2}% 23
\BOOKMARK [2][-]{subsection.3.2.4}{\376\377\121\163\225\056\213\315\117\030\123\026\152\041\127\127\116\016\217\223\121\145\145\160\143\156\131\004\164\006\152\041\127\127\060\001\165\050\142\067\210\114\116\072\122\006\147\220\152\041\127\127}{section.3.2}% 24
\BOOKMARK [2][-]{subsection.3.2.5}{\376\377\144\034\175\042\137\025\144\316\117\030\123\026\152\041\127\127\116\016\217\223\121\145\145\160\143\156\131\004\164\006\152\041\127\127}{section.3.2}% 25
\BOOKMARK [0][-]{chapter.4}{\376\377\145\160\143\156\136\223\213\276\213\241}{}% 26
\BOOKMARK [1][-]{section.4.1}{\376\377\145\160\143\156\136\223\163\257\130\203}{chapter.4}% 27
\BOOKMARK [1][-]{section.4.2}{\376\377\145\160\143\156\136\223\210\150\213\276\213\241}{chapter.4}% 28
\BOOKMARK [1][-]{section.4.3}{\376\377\145\160\143\156\136\223\176\323\147\204\213\276\213\241}{chapter.4}% 29
\BOOKMARK [1][-]{section.4.4}{\376\377\133\211\121\150\140\047\213\276\213\241}{chapter.4}% 30
\BOOKMARK [2][-]{subsection.4.4.1}{\376\377\145\160\143\156\117\335\142\244}{section.4.4}% 31
\BOOKMARK [2][-]{subsection.4.4.2}{\376\377\165\050\142\067\213\244\213\301\124\214\143\210\147\103}{section.4.4}% 32
\BOOKMARK [2][-]{subsection.4.4.3}{\376\377\145\345\137\327\213\260\137\125}{section.4.4}% 33
\BOOKMARK [2][-]{subsection.4.4.4}{\376\377\226\062\153\142\000S\000Q\000L\154\350\121\145}{section.4.4}% 34
\BOOKMARK [2][-]{subsection.4.4.5}{\376\377\177\121\176\334\133\211\121\150}{section.4.4}% 35
\BOOKMARK [0][-]{chapter.5}{\376\377\165\050\142\067\165\114\227\142\213\276\213\241}{}% 36
\BOOKMARK [1][-]{section.5.1}{\376\377\144\034\175\042\230\165\227\142}{chapter.5}% 37
\BOOKMARK [1][-]{section.5.2}{\376\377\144\034\175\042\176\323\147\234\143\222\136\217}{chapter.5}% 38
\BOOKMARK [0][-]{chapter.6}{\376\377\140\073\176\323}{}% 39
