\BOOKMARK [0][-]{chapter.1}{\376\377\173\054\116\000\172\340\000\040\000\040\155\210\140\157\226\037\122\027\377\032\122\035\213\306}{}% 1
\BOOKMARK [1][-]{section.1.1}{\376\377\0001\000.\0001\000\040\116\313\176\315}{chapter.1}% 2
\BOOKMARK [1][-]{section.1.2}{\376\377\0001\000.\0002\000\040\117\134\165\050\116\016\117\030\160\271}{chapter.1}% 3
\BOOKMARK [1][-]{section.1.3}{\376\377\0001\000.\0003\000\040\220\002\165\050\127\072\146\157}{chapter.1}% 4
\BOOKMARK [2][-]{subsection.1.3.1}{\376\377\0001\000.\0003\000.\0001\000\040\137\002\153\145\127\072\146\157\116\076\117\213\377\032\165\050\142\067\154\350\121\214}{section.1.3}% 5
\BOOKMARK [2][-]{subsection.1.3.2}{\376\377\0001\000.\0003\000.\0002\000\040\211\343\200\046\127\072\146\157\116\076\117\213\377\032\213\242\123\125\000-\136\223\133\130\173\241\164\006}{section.1.3}% 6
\BOOKMARK [2][-]{subsection.1.3.3}{\376\377\0001\000.\0003\000.\0003\000\040\122\112\225\013\127\072\146\157\116\076\117\213\377\032\171\322\147\100\155\073\122\250}{section.1.3}% 7
\BOOKMARK [2][-]{subsection.1.3.4}{\376\377\0001\000.\0003\000.\0004\000\040\145\345\137\327\131\004\164\006\127\072\146\157}{section.1.3}% 8
\BOOKMARK [2][-]{subsection.1.3.5}{\376\377\0001\000.\0003\000.\0005\000\040\155\210\140\157\220\032\213\257\127\072\146\157}{section.1.3}% 9
\BOOKMARK [1][-]{section.1.4}{\376\377\0001\000.\0004\000\040\136\070\165\050\155\210\140\157\226\037\122\027\150\106\147\266}{chapter.1}% 10
\BOOKMARK [0][-]{chapter.2}{\376\377\173\054\116\214\172\340\000\040\000\040\000R\000o\000c\000k\000e\000t\000M\000Q\377\032\124\057\122\250}{}% 11
\BOOKMARK [1][-]{section.2.1}{\376\377\0002\000.\0001\000\040\116\013\217\175\116\214\217\333\122\066\145\207\116\366\123\005}{chapter.2}% 12
\BOOKMARK [1][-]{section.2.2}{\376\377\0002\000.\0002\000\040\124\057\122\250\000N\000a\000m\000e\000S\000e\000r\000v\000e\000r}{chapter.2}% 13
\BOOKMARK [1][-]{section.2.3}{\376\377\0002\000.\0003\000\040\124\057\122\250\000B\000r\000o\000k\000e\000r\000+\000P\000r\000o\000x\000y}{chapter.2}% 14
\BOOKMARK [0][-]{chapter.3}{\376\377\173\054\116\011\172\340\000\040\000\040\230\206\127\337\152\041\127\213}{}% 15
\BOOKMARK [1][-]{section.3.1}{\376\377\0003\000.\0001\000\040\147\266\147\204\140\073\211\310}{chapter.3}% 16
\BOOKMARK [1][-]{section.3.2}{\376\377\0003\000.\0002\000\040\127\372\147\054\151\202\137\365}{chapter.3}% 17
\BOOKMARK [2][-]{subsection.3.2.1}{\376\377\0003\000.\0002\000.\0001\000\040\155\210\140\157\166\204\165\037\124\175\124\150\147\037}{section.3.2}% 18
\BOOKMARK [2][-]{subsection.3.2.2}{\376\377\0003\000.\0002\000.\0002\000\040\220\032\117\341\145\271\137\017}{section.3.2}% 19
\BOOKMARK [2][-]{subsection.3.2.3}{\376\377\0003\000.\0002\000.\0003\000\040\155\210\140\157\117\040\217\223\152\041\127\213}{section.3.2}% 20
\BOOKMARK [1][-]{section.3.3}{\376\377\0003\000.\0003\000\040\116\073\230\230\377\010\000T\000o\000p\000i\000c\377\011}{chapter.3}% 21
\BOOKMARK [2][-]{subsection.3.3.1}{\376\377\0003\000.\0003\000.\0001\000\040\152\041\127\213\121\163\174\373\377\032\116\073\230\230}{section.3.3}% 22
\BOOKMARK [2][-]{subsection.3.3.2}{\376\377\0003\000.\0003\000.\0002\000\040\121\205\220\350\134\136\140\047}{section.3.3}% 23
\BOOKMARK [2][-]{subsection.3.3.3}{\376\377\0003\000.\0003\000.\0003\000\040\000A\000d\000m\000i\000n\135\345\121\167\166\370\121\163\144\315\117\134}{section.3.3}% 24
\BOOKMARK [2][-]{subsection.3.3.4}{\376\377\0003\000.\0003\000.\0004\000\040\117\177\165\050\136\372\213\256}{section.3.3}% 25
\BOOKMARK [1][-]{section.3.4}{\376\377\0003\000.\0004\000\040\226\037\122\027\377\010\000M\000e\000s\000s\000a\000g\000e\000Q\000u\000e\000u\000e\377\011}{chapter.3}% 26
\BOOKMARK [2][-]{subsection.3.4.1}{\376\377\0003\000.\0004\000.\0001\000\040\152\041\127\213\121\163\174\373\377\032\226\037\122\027}{section.3.4}% 27
\BOOKMARK [2][-]{subsection.3.4.2}{\376\377\0003\000.\0004\000.\0002\000\040\121\205\220\350\134\136\140\047}{section.3.4}% 28
\BOOKMARK [2][-]{subsection.3.4.3}{\376\377\0003\000.\0004\000.\0003\000\040\117\177\165\050\136\372\213\256}{section.3.4}% 29
\BOOKMARK [1][-]{section.3.5}{\376\377\0003\000.\0005\000\040\155\210\140\157\377\010\000M\000e\000s\000s\000a\000g\000e\377\011}{chapter.3}% 30
\BOOKMARK [2][-]{subsection.3.5.1}{\376\377\0003\000.\0005\000.\0001\000\040\152\041\127\213\121\163\174\373\377\032\155\210\140\157}{section.3.5}% 31
\BOOKMARK [2][-]{subsection.3.5.2}{\376\377\0003\000.\0005\000.\0002\000\040\121\205\220\350\134\136\140\047}{section.3.5}% 32
\BOOKMARK [2][-]{subsection.3.5.3}{\376\377\0003\000.\0005\000.\0003\000\040\117\177\165\050\136\372\213\256}{section.3.5}% 33
\BOOKMARK [1][-]{section.3.6}{\376\377\0003\000.\0006\000\040\165\037\116\247\200\005\377\010\000P\000r\000o\000d\000u\000c\000e\000r\377\011}{chapter.3}% 34
\BOOKMARK [2][-]{subsection.3.6.1}{\376\377\0003\000.\0006\000.\0001\000\040\152\041\127\213\121\163\174\373\377\032\165\037\116\247\200\005}{section.3.6}% 35
\BOOKMARK [2][-]{subsection.3.6.2}{\376\377\0003\000.\0006\000.\0002\000\040\121\205\220\350\134\136\140\047}{section.3.6}% 36
\BOOKMARK [2][-]{subsection.3.6.3}{\376\377\0003\000.\0006\000.\0003\000\040\117\177\165\050\136\372\213\256}{section.3.6}% 37
\BOOKMARK [1][-]{section.3.7}{\376\377\0003\000.\0007\000\040\155\210\215\071\200\005\122\006\176\304\377\010\000C\000o\000n\000s\000u\000m\000e\000r\000G\000r\000o\000u\000p\377\011}{chapter.3}% 38
\BOOKMARK [2][-]{subsection.3.7.1}{\376\377\0003\000.\0007\000.\0001\000\040\152\041\127\213\121\163\174\373\377\032\155\210\215\071\200\005\122\006\176\304}{section.3.7}% 39
\BOOKMARK [2][-]{subsection.3.7.2}{\376\377\0003\000.\0007\000.\0002\000\040\121\205\220\350\134\136\140\047}{section.3.7}% 40
\BOOKMARK [2][-]{subsection.3.7.3}{\376\377\0003\000.\0007\000.\0003\000\040\117\177\165\050\136\372\213\256}{section.3.7}% 41
\BOOKMARK [1][-]{section.3.8}{\376\377\0003\000.\0008\000\040\155\210\215\071\200\005\377\010\000C\000o\000n\000s\000u\000m\000e\000r\377\011}{chapter.3}% 42
\BOOKMARK [2][-]{subsection.3.8.1}{\376\377\0003\000.\0008\000.\0001\000\040\152\041\127\213\121\163\174\373\377\032\155\210\215\071\200\005}{section.3.8}% 43
\BOOKMARK [2][-]{subsection.3.8.2}{\376\377\0003\000.\0008\000.\0002\000\040\121\205\220\350\134\136\140\047}{section.3.8}% 44
\BOOKMARK [2][-]{subsection.3.8.3}{\376\377\0003\000.\0008\000.\0003\000\040\117\177\165\050\136\372\213\256}{section.3.8}% 45
\BOOKMARK [1][-]{section.3.9}{\376\377\0003\000.\0009\000\040\213\242\226\005\121\163\174\373\377\010\000S\000u\000b\000s\000c\000r\000i\000p\000t\000i\000o\000n\377\011}{chapter.3}% 46
\BOOKMARK [2][-]{subsection.3.9.1}{\376\377\0003\000.\0009\000.\0001\000\040\152\041\127\213\121\163\174\373\377\032\213\242\226\005\121\163\174\373}{section.3.9}% 47
\BOOKMARK [2][-]{subsection.3.9.2}{\376\377\0003\000.\0009\000.\0002\000\040\213\242\226\005\121\163\174\373\122\044\145\255\123\237\122\031}{section.3.9}% 48
\BOOKMARK [2][-]{subsection.3.9.3}{\376\377\0003\000.\0009\000.\0003\000\040\121\205\220\350\134\136\140\047}{section.3.9}% 49
\BOOKMARK [2][-]{subsection.3.9.4}{\376\377\0003\000.\0009\000.\0004\000\040\117\177\165\050\136\372\213\256}{section.3.9}% 50
