\BOOKMARK [0][-]{chapter.1}{\376\377\122\237\200\375\227\000\154\102\127\372\170\100\151\202\137\365}{}% 1
\BOOKMARK [1][-]{section.1.1}{\376\377\217\157\116\366\122\237\200\375\227\000\154\102}{chapter.1}% 2
\BOOKMARK [1][-]{section.1.2}{\376\377\217\157\116\366\227\136\122\237\200\375\227\000\154\102}{chapter.1}% 3
\BOOKMARK [0][-]{chapter.2}{\376\377\217\157\116\366\227\136\122\237\200\375\227\000\154\102\123\315\117\213}{}% 4
\BOOKMARK [0][-]{chapter.3}{\376\377\000A\000I\116\073\144\255\133\232\116\111}{}% 5
\BOOKMARK [1][-]{section.3.1}{\376\377\133\232\116\111}{chapter.3}% 6
\BOOKMARK [1][-]{section.3.2}{\376\377\123\321\134\125\123\206\123\362}{chapter.3}% 7
\BOOKMARK [2][-]{subsection.3.2.1}{\376\377\0001\000.\0000\145\366\116\343\040\024\040\024\226\317\137\142\122\035\146\076\377\014\206\132\142\337\116\073\143\001\116\272\166\173\127\072}{section.3.2}% 8
\BOOKMARK [2][-]{subsection.3.2.2}{\376\377\0002\000.\0000\145\366\116\343\040\024\040\024\120\166\120\317\121\110\210\114\377\014\000A\000I\206\132\142\337\116\073\144\255\230\172\230\316\230\336\177\324}{section.3.2}% 9
\BOOKMARK [2][-]{subsection.3.2.3}{\376\377\0003\000.\0000\145\366\116\343\040\024\040\024\121\150\227\142\000A\000I\123\026\377\014\206\132\142\337\116\073\144\255\215\160\121\145\123\103\133\266\116\007\142\067}{section.3.2}% 10
\BOOKMARK [0][-]{chapter.4}{\376\377\000A\000I\116\073\144\255\121\372\163\260\166\204\200\314\146\157}{}% 11
\BOOKMARK [1][-]{section.4.1}{\376\377\000A\000I\116\073\144\255\116\016\116\272\135\345\146\172\200\375\142\200\147\057}{chapter.4}% 12
\BOOKMARK [1][-]{section.4.2}{\376\377\000A\000I\116\073\144\255\116\016\116\052\116\272\206\132\142\337\171\076\116\244\227\000\154\102}{chapter.4}% 13
\BOOKMARK [1][-]{section.4.3}{\376\377\000A\000I\116\073\144\255\116\016\145\160\133\127\123\026\132\222\117\123}{chapter.4}% 14
\BOOKMARK [0][-]{chapter.5}{\376\377\176\323\147\204\123\026\166\204\122\006\147\220\145\271\154\325\147\011\124\352\116\233\127\372\147\054\162\171\160\271\000?\127\372\147\054\140\035\140\363\146\057\116\300\116\110\000?\000\040\123\005\142\354\220\243\116\233\152\041\127\213\000?}{}% 15
\BOOKMARK [1][-]{section.5.1}{\376\377\127\372\147\054\162\171\160\271}{chapter.5}% 16
\BOOKMARK [1][-]{section.5.2}{\376\377\127\372\147\054\140\035\140\363}{chapter.5}% 17
\BOOKMARK [1][-]{section.5.3}{\376\377\136\070\211\301\152\041\127\213}{chapter.5}% 18
\BOOKMARK [0][-]{chapter.6}{\376\377\147\011\154\241\147\011\123\357\200\375\127\050\122\006\147\220\152\041\127\213\122\033\136\372\124\016\134\061\172\313\123\163\137\000\131\313\177\026\170\001\000?\116\072\116\300\116\110\000?}{}% 19
\BOOKMARK [0][-]{chapter.7}{\376\377\213\242\123\125\131\004\164\006\174\373\176\337}{}% 20
\BOOKMARK [1][-]{section.7.1}{\376\377\0000\134\102\000D\000F\000D\126\376}{chapter.7}% 21
\BOOKMARK [1][-]{section.7.2}{\376\377\0001\134\102\000D\000F\000D\126\376}{chapter.7}% 22
\BOOKMARK [1][-]{section.7.3}{\376\377\133\236\117\123\121\163\174\373\126\376\123\312\145\160\143\156\133\371\214\141\060\001\121\163\174\373\060\001\134\136\140\047}{chapter.7}% 23
\BOOKMARK [1][-]{section.7.4}{\376\377\000O\000r\000d\000e\000r\166\204\162\266\140\001\217\154\143\142\126\376}{chapter.7}% 24
\BOOKMARK [0][-]{chapter.8}{\376\377\137\000\123\321\165\050\117\213}{}% 25
\BOOKMARK [1][-]{section.8.1}{\376\377\117\177\165\050\127\050\176\277\116\146\136\227\215\055\116\146}{chapter.8}% 26
\BOOKMARK [0][-]{chapter.9}{\376\377\227\000\154\102\133\232\116\111}{}% 27
\BOOKMARK [1][-]{section.9.1}{\376\377\133\371\116\216\227\000\154\102\122\006\147\220\377\014\176\323\147\204\123\026\122\006\147\220\124\214\227\142\133\371\133\371\214\141\145\271\154\325\147\011\117\125\147\054\215\050\123\072\122\053}{chapter.9}% 28
\BOOKMARK [1][-]{section.9.2}{\376\377\162\266\140\001\126\376\124\214\230\172\136\217\126\376\147\011\117\125\137\002\124\014}{chapter.9}% 29
\BOOKMARK [1][-]{section.9.3}{\376\377\227\000\154\102\211\304\150\074\213\364\146\016\377\010\000S\000R\000S\377\011\147\011\124\352\116\233\117\134\165\050}{chapter.9}% 30
\BOOKMARK [1][-]{section.9.4}{\376\377\227\000\154\102\211\304\150\074\213\364\146\016\137\305\230\173\156\341\215\263\124\352\116\233\162\171\140\047}{chapter.9}% 31
\BOOKMARK [1][-]{section.9.5}{\376\377\165\050\201\352\161\066\213\355\212\000\143\317\217\360\227\000\154\102\145\366\136\224\154\350\141\017\116\233\116\300\116\110}{chapter.9}% 32
\BOOKMARK [0][-]{chapter.10}{\376\377\213\376\124\016\213\250\213\272\0001}{}% 33
\BOOKMARK [1][-]{section.10.1}{\376\377\136\070\211\301\136\224\165\050\217\157\116\366}{chapter.10}% 34
\BOOKMARK [2][-]{subsection.10.1.1}{\376\377\133\232\116\111}{section.10.1}% 35
\BOOKMARK [2][-]{subsection.10.1.2}{\376\377\136\070\165\050\136\224\165\050\217\157\116\366}{section.10.1}% 36
\BOOKMARK [1][-]{section.10.2}{\376\377\217\157\116\366\116\055\225\364\116\366}{chapter.10}% 37
\BOOKMARK [2][-]{subsection.10.2.1}{\376\377\133\232\116\111}{section.10.2}% 38
\BOOKMARK [2][-]{subsection.10.2.2}{\376\377\136\070\211\301\217\157\116\366\116\055\225\364\116\366}{section.10.2}% 39
\BOOKMARK [1][-]{section.10.3}{\376\377\131\047\211\304\152\041\135\345\116\032\217\157\116\366}{chapter.10}% 40
\BOOKMARK [2][-]{subsection.10.3.1}{\376\377\133\232\116\111}{section.10.3}% 41
\BOOKMARK [2][-]{subsection.10.3.2}{\376\377\122\006\174\173}{section.10.3}% 42
\BOOKMARK [1][-]{section.10.4}{\376\377\156\070\142\017\217\157\116\366}{chapter.10}% 43
\BOOKMARK [2][-]{subsection.10.4.1}{\376\377\133\232\116\111}{section.10.4}% 44
\BOOKMARK [2][-]{subsection.10.4.2}{\376\377\116\313\176\315}{section.10.4}% 45
\BOOKMARK [1][-]{section.10.5}{\376\377\166\356\122\115\166\204\131\047\127\213\126\375\116\247\170\154\116\366\123\312\121\166\123\237\210\305\217\157\116\366}{chapter.10}% 46
\BOOKMARK [0][-]{chapter.11}{\376\377\213\376\124\016\213\250\213\272\0002}{}% 47
\BOOKMARK [1][-]{section.11.1}{\376\377\142\200\147\057\123\321\134\125\215\337\116\015\116\012\217\157\116\366\227\000\154\102\166\204\123\237\126\340\116\016\136\224\133\371\143\252\145\275}{chapter.11}% 48
\BOOKMARK [2][-]{subsection.11.1.1}{\376\377\123\237\126\340}{section.11.1}% 49
\BOOKMARK [2][-]{subsection.11.1.2}{\376\377\136\224\133\371\143\252\145\275}{section.11.1}% 50
\BOOKMARK [1][-]{section.11.2}{\376\377\116\015\124\014\217\157\116\366\137\000\123\321\217\307\172\013\166\204\162\171\160\271}{chapter.11}% 51
\BOOKMARK [1][-]{section.11.3}{\376\377\226\120\122\066\217\157\116\366\123\321\134\125\166\204\123\237\126\340\377\037}{chapter.11}% 52
\BOOKMARK [1][-]{section.11.4}{\376\377\211\343\121\263\227\000\154\102\121\262\172\201\166\204\145\271\154\325\377\037}{chapter.11}% 53
\BOOKMARK [1][-]{section.11.5}{\376\377\123\117\214\003\116\015\116\000\201\364\116\032\122\241\227\000\154\102\166\204\145\271\154\325}{chapter.11}% 54
\BOOKMARK [0][-]{chapter.12}{\376\377\116\316\124\352\116\233\211\322\136\246\217\333\210\114\227\000\154\102\211\304\150\074\213\364\146\016\166\204\213\304\133\241\377\037}{}% 55
\BOOKMARK [0][-]{chapter.13}{\376\377\147\011\124\352\116\233\213\304\133\241\145\271\154\325\377\037\124\004\147\011\116\300\116\110\162\171\160\271\377\037}{}% 56
\BOOKMARK [0][-]{chapter.14}{\376\377\116\072\116\300\116\110\217\157\116\366\227\000\154\102\217\307\172\013\116\055\227\000\154\102\123\330\146\364\146\057\226\276\121\115\166\204\377\037}{}% 57
\BOOKMARK [0][-]{chapter.15}{\376\377\116\072\116\300\116\110\137\305\230\173\217\333\210\114\227\000\154\102\123\330\146\364\173\241\164\006\377\037}{}% 58
\BOOKMARK [0][-]{chapter.16}{\376\377\140\073\176\323}{}% 59
\BOOKMARK [1][-]{section.16.1}{\376\377\140\073\176\323\0001}{chapter.16}% 60
\BOOKMARK [1][-]{section.16.2}{\376\377\140\073\176\323\0002}{chapter.16}% 61
