\BOOKMARK [0][-]{chapter.1}{\376\377\133\374\212\000}{}% 1
\BOOKMARK [1][-]{section.1.1}{\376\377\136\070\211\301\145\160\143\156\136\223}{chapter.1}% 2
\BOOKMARK [2][-]{subsection.1.1.1}{\376\377\121\163\174\373\127\213\145\160\143\156\136\223}{section.1.1}% 3
\BOOKMARK [2][-]{subsection.1.1.2}{\376\377\000N\000o\000S\000Q\000L\145\160\143\156\136\223}{section.1.1}% 4
\BOOKMARK [1][-]{section.1.2}{\376\377\145\160\143\156\136\223\123\321\134\125\215\213\122\277}{chapter.1}% 5
\BOOKMARK [2][-]{subsection.1.2.1}{\376\377\0001\0009\0006\0000\000s\000-\0001\0009\0008\0000\000s\377\032\134\102\153\041\145\160\143\156\136\223}{section.1.2}% 6
\BOOKMARK [2][-]{subsection.1.2.2}{\376\377\0001\0009\0008\0000\000s\000-\0002\0000\0000\0000\000s\000:\133\236\117\123\121\163\174\373\145\160\143\156\136\223}{section.1.2}% 7
\BOOKMARK [2][-]{subsection.1.2.3}{\376\377\0002\0000\0000\0000\000s\000-\0002\0000\0002\0000\000s\000:\000N\000o\000S\000Q\000L}{section.1.2}% 8
\BOOKMARK [2][-]{subsection.1.2.4}{\376\377\0002\0000\0002\0000\000s\000-\147\052\167\345\377\032\126\376\145\160\143\156\136\223}{section.1.2}% 9
\BOOKMARK [1][-]{section.1.3}{\376\377\000S\000Q\000L\000*\000P\000l\000u\000s\135\345\121\167}{chapter.1}% 10
\BOOKMARK [2][-]{subsection.1.3.1}{\376\377\116\313\176\315}{section.1.3}% 11
\BOOKMARK [2][-]{subsection.1.3.2}{\376\377\116\244\116\222\217\307\172\013}{section.1.3}% 12
\BOOKMARK [2][-]{subsection.1.3.3}{\376\377\000O\000r\000a\000c\000l\000e\145\160\143\156\136\223\217\336\143\245\124\175\116\344}{section.1.3}% 13
\BOOKMARK [2][-]{subsection.1.3.4}{\376\377\136\070\165\050\177\026\217\221\124\175\116\344}{section.1.3}% 14
\BOOKMARK [2][-]{subsection.1.3.5}{\376\377\000S\000Q\000L\145\207\116\366\133\130\123\326\124\175\116\344}{section.1.3}% 15
\BOOKMARK [2][-]{subsection.1.3.6}{\376\377\217\223\121\372\117\335\133\130\124\175\116\344}{section.1.3}% 16
\BOOKMARK [0][-]{chapter.2}{\376\377\000P\000L\000/\000S\000Q\000L\213\355\154\325\133\146\116\140}{}% 17
\BOOKMARK [1][-]{section.2.1}{\376\377\000P\000L\000/\000S\000Q\000L\151\202\217\360}{chapter.2}% 18
\BOOKMARK [2][-]{subsection.2.1.1}{\376\377\116\313\176\315}{section.2.1}% 19
\BOOKMARK [2][-]{subsection.2.1.2}{\376\377\117\030\160\271}{section.2.1}% 20
\BOOKMARK [2][-]{subsection.2.1.3}{\376\377\142\147\210\114\117\123\174\373}{section.2.1}% 21
\BOOKMARK [1][-]{section.2.2}{\376\377\172\013\136\217\127\127\176\323\147\204}{chapter.2}% 22
\BOOKMARK [1][-]{section.2.3}{\376\377\123\330\221\317}{chapter.2}% 23
\BOOKMARK [2][-]{subsection.2.3.1}{\376\377\123\330\221\317\124\175\124\015\211\304\122\031}{section.2.3}% 24
\BOOKMARK [2][-]{subsection.2.3.2}{\376\377\123\330\221\317\130\360\146\016\213\355\154\325}{section.2.3}% 25
\BOOKMARK [2][-]{subsection.2.3.3}{\376\377\123\330\221\317\174\173\127\213}{section.2.3}% 26
\BOOKMARK [2][-]{subsection.2.3.4}{\376\377\123\330\221\317\130\360\146\016\136\372\213\256}{section.2.3}% 27
\BOOKMARK [2][-]{subsection.2.3.5}{\376\377\215\113\120\074\377\032\133\127\173\046\116\062\122\006\226\224\173\046\377\010\137\025\123\367\226\120\133\232\173\046\377\011}{section.2.3}% 28
\BOOKMARK [2][-]{subsection.2.3.6}{\376\377\174\173\127\213\130\360\146\016\377\032\000\045\000T\000Y\000P\000E\134\136\140\047}{section.2.3}% 29
\BOOKMARK [1][-]{section.2.4}{\376\377\136\003\134\024\123\330\221\317\116\016\136\003\134\024\210\150\217\276\137\017}{chapter.2}% 30
\BOOKMARK [2][-]{subsection.2.4.1}{\376\377\136\003\134\024\144\315\117\134\173\046}{section.2.4}% 31
\BOOKMARK [1][-]{section.2.5}{\376\377\116\343\146\377\123\330\221\317\124\214\176\321\133\232\123\330\221\317}{chapter.2}% 32
\BOOKMARK [2][-]{subsection.2.5.1}{\376\377\116\343\146\377\123\330\221\317}{section.2.5}% 33
\BOOKMARK [2][-]{subsection.2.5.2}{\376\377\176\321\133\232\123\330\221\317}{section.2.5}% 34
\BOOKMARK [2][-]{subsection.2.5.3}{\376\377\116\015\124\014}{section.2.5}% 35
\BOOKMARK [1][-]{section.2.6}{\376\377\000L\000O\000B\123\330\221\317}{chapter.2}% 36
\BOOKMARK [2][-]{subsection.2.6.1}{\376\377\000L\000O\000B\123\330\221\317\174\173\127\213}{section.2.6}% 37
\BOOKMARK [2][-]{subsection.2.6.2}{\376\377\000L\000O\000B\123\330\221\317\117\177\165\050}{section.2.6}% 38
